Arguments: 
  C:\Program Files\nodejs\node.exe C:\Program Files\nodejs\node_modules\yarn\bin\yarn.js add gatsby

PATH: 
  C:\tools\ruby31\bin;C:\WINDOWS\system32;C:\WINDOWS;C:\WINDOWS\System32\Wbem;C:\WINDOWS\System32\WindowsPowerShell\v1.0\;C:\WINDOWS\System32\OpenSSH\;C:\ProgramData\chocolatey\bin;C:\Program Files (x86)\sbt\bin;C:\HashiCorp\Vagrant\bin;C:\Users\eustatos\AppData\Roaming\nvm;C:\Program Files\nodejs;C:\Program Files (x86)\dotnet\;C:\Program Files\GitHub CLI\;C:\Program Files\Amazon\AWSCLIV2\;C:\Program Files\Docker\Docker\resources\bin;C:\Program Files\MySQL\MySQL Shell 8.0\bin\;C:\ProgramData\DockerDesktop\version-bin;C:\windows\system32;C:\windows;C:\windows\System32\Wbem;C:\windows\System32\WindowsPowerShell\v1.0\;C:\windows\System32\OpenSSH\;C:\Users\eustatos\AppData\Local\Microsoft\WindowsApps;C:\VSCode;C:\PortableGit\bin;C:\Neovim\bin;C:\Users\eustatos\AppData\Local\Microsoft\WindowsApps;C:\Program Files\JetBrains\WebStorm 2020.3.2\bin;C:\Program Files\JetBrains\PyCharm Community Edition 2020.3.3\bin;C:\idea\bin;C:\apache-maven-3.8.3\bin;C:\Users\eustatos\.jdks\corretto-17.0.6\bin;C:\Program Files (x86)\Microsoft Visual Studio\2022\BuildTools\MSBuild\Current\Bin;C:\Program Files\heroku\bin;C:\Users\eustatos\AppData\Local\Programs\Python\Python37;C:\src\flutter\bin;C:\Gradle\gradle-7.2\bin

Yarn version: 
  1.22.19

Node version: 
  16.19.0

Platform: 
  win32 x64

Trace: 
  Error: https://registry.npmmirror.com/date-fns/-/date-fns-2.30.0.tgz: ESOCKETTIMEDOUT
      at ClientRequest.<anonymous> (C:\Users\eustatos\AppData\Roaming\nvm\v16.19.0\node_modules\yarn\lib\cli.js:141517:19)
      at Object.onceWrapper (node:events:627:28)
      at ClientRequest.emit (node:events:513:28)
      at TLSSocket.emitRequestTimeout (node:_http_client:839:9)
      at Object.onceWrapper (node:events:627:28)
      at TLSSocket.emit (node:events:525:35)
      at TLSSocket.Socket._onTimeout (node:net:550:8)
      at listOnTimeout (node:internal/timers:559:17)
      at processTimers (node:internal/timers:502:7)

npm manifest: 
  {
    "name": "gatsby",
    "version": "1.0.0",
    "private": true,
    "description": "gatsby",
    "keywords": [
      "gatsby"
    ],
    "scripts": {
      "develop": "gatsby develop",
      "start": "gatsby develop",
      "build": "gatsby build",
      "serve": "gatsby serve",
      "clean": "gatsby clean"
    },
    "dependencies": {
      "@deckdeckgo/highlight-code": "^3.5.0",
      "@mdx-js/mdx": "^1.6.22",
      "@mdx-js/react": "^1.6.22",
      "babel-plugin-styled-components": "^1.13.3",
      "gatsby": "^4.1.3",
      "gatsby-plugin-google-analytics": "^4.1.0",
      "gatsby-plugin-image": "^2.1.2",
      "gatsby-plugin-manifest": "^4.1.3",
      "gatsby-plugin-mdx": "^3.1.3",
      "gatsby-plugin-react-helmet": "^5.1.0",
      "gatsby-plugin-sharp": "^4.1.3",
      "gatsby-plugin-sitemap": "^5.1.1",
      "gatsby-plugin-styled-components": "^5.1.0",
      "gatsby-remark-highlight-code": "^3.0.2",
      "gatsby-source-filesystem": "^4.1.2",
      "gatsby-transformer-remark": "^5.1.3",
      "gatsby-transformer-sharp": "^4.1.0",
      "react": "^17.0.1",
      "react-dom": "^17.0.1",
      "react-helmet": "^6.1.0",
      "styled-components": "^5.3.3"
    }
  }

yarn manifest: 
  No manifest

Lockfile: 
  No lockfile
